09/04/2022, 12:32:31 - INFO - Server is running on port: 3030
09/04/2022, 12:36:20 - INFO - Server is running on port: 3030
09/04/2022, 12:37:26 - INFO - Server is running on port: 3030
09/04/2022, 12:37:42 - ERROR - Failed to remove task | {"code":"ERR_HTTP_INVALID_STATUS_CODE"}
09/04/2022, 12:38:32 - INFO - Server is running on port: 3030
09/04/2022, 12:41:13 - INFO - Server is running on port: 3030
09/04/2022, 12:41:34 - INFO - Server is running on port: 3030
09/04/2022, 12:45:10 - INFO - Server is running on port: 3030
09/04/2022, 12:51:43 - INFO - Server is running on port: 3030
09/04/2022, 12:52:53 - INFO - Server is running on port: 3030
09/04/2022, 12:54:33 - INFO - Server is running on port: 3030
09/04/2022, 12:55:04 - ERROR - cannot find tasks | {}
09/04/2022, 12:55:04 - ERROR - Failed to get tasks | {}
09/04/2022, 12:58:05 - INFO - Server is running on port: 3030
09/04/2022, 12:58:43 - INFO - Server is running on port: 3030
09/04/2022, 12:58:45 - INFO - Server is running on port: 3030
09/04/2022, 13:09:57 - INFO - Server is running on port: 3030
09/04/2022, 13:12:57 - INFO - Server is running on port: 3030
09/04/2022, 13:23:17 - INFO - Server is running on port: 3030
09/04/2022, 13:37:34 - INFO - Server is running on port: 3030
4/9/2022, 2:28:12 PM - INFO - Server is running on port: 3030
